### ISSUE TITLE
dhm command segfults the session

### ISSUE THREAD

**Issue by vishnudevtj** [radare/radare2#10123]
### Work environment

| Questions                                            | Answers
|------------------------------------------------------|--------------------
| OS/arch/bits (mandatory)                             | Debian 9 x86 64
| File format of the file you reverse (mandatory)      | ELF 
| Architecture/bits of the file (mandatory)            | x86/64
| r2 -v full output, **not truncated** (mandatory)     | radare2 2.6.0-git 1730 @ linux-x86-64 git.2.5.0-285-g6e7e64f4
commit: 6e7e64f48b27b849d85e6f12a5d7ec228373910e build: 2018-05-18__23:15:28

### Actual behavior
The dmh command should 

 the heap info , but it segfaults and gives an error of 
`error : Warning: glibc library with symbol main_arena could not be found. Is libc6-dbg installed?`
even when libc6-dbg
### Steps to reproduce the behavior 
- Open the file in debug mode 
- Continues untill some heap related stuff happens so the heap is created
- Issue the dmh command 

### Additional Logs, screenshots, source-code,  configuration dump, ...

```
$ r2 -dA <bin>
Process with PID 2944 started...
= attach 2944 2944
bin.baddr 0x562c5228a000
Using 0x562c5228a000
asm.bits 64
[x] Analyze all flags starting with sym. and entry0 (aa)
[x] Analyze function calls (aac)
[x] Analyze len bytes of instructions for references (aar)
[x] Use -AA or aaaa to perform additional experimental analysis.
[ ] Constructing a function name for fcn.* and sym.func.* functions (aa[x] Constructing a function name for fcn.* and sym.func.* functions (aan)
= attach 2944 2944
2944
 -- Switch between print modes using the 'p' and 'P' keys in visual mode
[0x7f9ba403ec20]> dcu main
Continue until 0x562c5228b048 using 1 bpsize
hit breakpoint at: 562c5228b048
[0x562c5228b048]> dmha
Warning: glibc library with symbol main_arena could not be found. Is libc6-dbg installed?
```

gdb output 

```
Program received signal SIGSEGV, Segmentation fault.
0x00007f8cd81aa7be in r_core_task_self (core=0x559c8a7ad500) at task.c:140
140			if (!task || !task->msg || !task->msg->th) {
LEGEND: STACK | HEAP | CODE | DATA | RWX | RODATA
──────────────────────────────[ REGISTERS ]──────────────────────────────
*RAX  0x50
 RBX  0x0
*RCX  0x1
*RDX  0x559c8a7ad500 —▸ 0x559c8ad1bdd0 ◂— 0x70 /* 'p' */
*RDI  0x559c8a7ad500 —▸ 0x559c8ad1bdd0 ◂— 0x70 /* 'p' */
*RSI  0x559c83ba4e10 ◂— 0x0
*R8   0x7ffee5b00c20 —▸ 0x7f8cd79d9942 (break_signal) ◂— push   rbp
 R9   0x0
*R10  0x8
*R11  0x202
 R12  0x559c834de1b0 (_start) ◂— xor    ebp, ebp
 R13  0x7ffee5b027c0 ◂— 0x3
 R14  0x0
 R15  0x0
*RBP  0x7ffee5b00cb0 —▸ 0x7ffee5b00ce0 —▸ 0x7ffee5b00cf0 —▸ 0x7ffee5b00d70 —▸ 0x7ffee5b00dd0 ◂— ...
*RSP  0x7ffee5b00c80 ◂— 0x0
*RIP  0x7f8cd81aa7be (r_core_task_self+66) ◂— mov    rax, qword ptr [rax + 0x18]
───────────────────────────────[ DISASM ]────────────────────────────────
 ► 0x7f8cd81aa7be <r_core_task_self+66>     mov    rax, qword ptr [rax + 0x18]
   0x7f8cd81aa7c2 <r_core_task_self+70>     test   rax, rax
   0x7f8cd81aa7c5 <r_core_task_self+73>     je     r_core_task_self+119 <0x7f8cd81aa7f3>
    ↓
   0x7f8cd81aa7f3 <r_core_task_self+119>    nop    
   0x7f8cd81aa7f4 <r_core_task_self+120>    mov    rax, qword ptr [rbp - 8]
   0x7f8cd81aa7f8 <r_core_task_self+124>    mov    rax, qword ptr [rax + 8]
   0x7f8cd81aa7fc <r_core_task_self+128>    mov    qword ptr [rbp - 8], rax
   0x7f8cd81aa800 <r_core_task_self+132>    cmp    qword ptr [rbp - 8], 0
   0x7f8cd81aa805 <r_core_task_self+137>    je     r_core_task_self+159 <0x7f8cd81aa81b>
    ↓
   0x7f8cd81aa81b <r_core_task_self+159>    mov    eax, 0
   0x7f8cd81aa820 <r_core_task_self+164>    leave  
────────────────────────────[ SOURCE (CODE) ]────────────────────────────
   135 R_API RCoreTask *r_core_task_self (RCore *core) {
   136 	RListIter *iter;
   137 	RCoreTask *task;
   138 	R_TH_TID tid = r_th_self ();
   139 	r_list_foreach (core->tasks, iter, task) {
 ► 140 		if (!task || !task->msg || !task->msg->th) {
   141 			continue;
   142 		}
   143 		// TODO: use r_th_equal // pthread_equal
   144 		if (task->msg->th->tid == tid) {
   145 			return task;
────────────────────────────────[ STACK ]────────────────────────────────
00:0000│ rsp  0x7ffee5b00c80 ◂— 0x0
01:0008│      0x7ffee5b00c88 —▸ 0x559c8a7ad500 —▸ 0x559c8ad1bdd0 ◂— 0x70 /* 'p' */
02:0010│      0x7ffee5b00c90 —▸ 0x7f8cd81e74d4 ◂— movsxd rbp, dword ptr [rbp + 0x64] /* 'cmd.times' */
03:0018│      0x7ffee5b00c98 ◂— 0x50 /* 'P' */
04:0020│      0x7ffee5b00ca0 ◂— 0xffffffffffffffff
05:0028│      0x7ffee5b00ca8 —▸ 0x559c8a86fec0 ◂— 0x50 /* 'P' */
06:0030│ rbp  0x7ffee5b00cb0 —▸ 0x7ffee5b00ce0 —▸ 0x7ffee5b00cf0 —▸ 0x7ffee5b00d70 —▸ 0x7ffee5b00dd0 ◂— ...
07:0038│      0x7ffee5b00cb8 —▸ 0x7f8cd80a8769 (r_core_break+24) ◂— mov    qword ptr [rbp - 8], rax
──────────────────────────────[ BACKTRACE ]──────────────────────────────
 ► f 0     7f8cd81aa7be r_core_task_self+66
   f 1     7f8cd80a8769 r_core_break+24
   f 2     7f8cd79d9f92 r_cons_is_breaked+35
   f 3     7f8cd812c74f cmd_interpret+927
   f 4     7f8cd8176b1a r_cmd_call+457
   f 5     7f8cd813177e r_core_cmd_subst_i+11218
   f 6     7f8cd812e861 r_core_cmd_subst+934
   f 7     7f8cd8133b76 r_core_cmd+1062
   f 8     7f8cd80a9c24 set_prompt+142
   f 9     7f8cd80a9f98 r_core_prompt+57
   f 10     559c834e21f1 main+12926
Program received signal SIGSEGV (fault address 0x68)
pwndbg> 

```

**Comment by radare** [comment]
dhm != dmh
