### ISSUE TITLE
segfault on afta on fedora28 /bin/ls

### ISSUE THREAD

**Issue by XVilka** [radare/radare2#10628]
```
gdb$ run /bin/ls
Starting program: /usr/local/bin/r2 /bin/ls
Missing separate debuginfos, use: dnf debuginfo-install glibc-2.27-19.fc28.x86_64
[Thread debugging using libthread_db enabled]
Using host libthread_db library "/lib64/libthread_db.so.1".
 -- For a full list of commands see `strings /dev/urandom`
[0x00005900]> aaa
[x] Analyze all flags starting with sym. and entry0 (aa)
[x] Analyze function calls (aac)
[x] Analyze len bytes of instructions for references (aar)
[x] Use -AA or aaaa to perform additional experimental analysis.
[x] Constructing a function name for fcn.* and sym.func.* functions (aan)
[0x00005900]> afta

Program received signal SIGSEGV, Segmentation fault.
-----------------------------------------------------------------------------------------------------------------------[regs]
  RAX: 0x0000000000000000  RBX: 0x0000000000000001  RBP: 0x00007FFFFFFFC1F0  RSP: 0x00007FFFFFFFBEB0  o d I t s z a P c 
  RDI: 0x000000000000C530  RSI: 0x00007FFFF635ADA4  RDX: 0x0000000000000000  RCX: 0x0000000000000073  RIP: 0x00007FFFF79585C3
  R8 : 0x0000000000000000  R9 : 0x0000000000000001  R10: 0x0000000000000000  R11: 0x0000000000000006  R12: 0x0000555555557260
  R13: 0x00007FFFFFFFCF40  R14: 0x0000000000000000  R15: 0x0000000000000000
  CS: 0033  DS: 0000  ES: 0000  FS: 0000  GS: 0000  SS: 002B
-----------------------------------------------------------------------------------------------------------------------[code]
=> 0x7ffff79585c3 <r_core_anal_type_match+2203>:        mov    (%rax),%rdx
   0x7ffff79585c6 <r_core_anal_type_match+2206>:        mov    -0x108(%rbp),%rcx
   0x7ffff79585cd <r_core_anal_type_match+2213>:        mov    -0xf0(%rbp),%rsi
   0x7ffff79585d4 <r_core_anal_type_match+2220>:        mov    -0x60(%rbp),%rax
   0x7ffff79585d8 <r_core_anal_type_match+2224>:        mov    %rdi,%r8
   0x7ffff79585db <r_core_anal_type_match+2227>:        mov    %rax,%rdi
   0x7ffff79585de <r_core_anal_type_match+2230>:        callq  0x7ffff7957287 <var_retype>
   0x7ffff79585e3 <r_core_anal_type_match+2235>:        mov    -0xf0(%rbp),%rax
-----------------------------------------------------------------------------------------------------------------------------
0x00007ffff79585c3 in r_core_anal_type_match (core=0x55555575e580 <r>, fcn=0x55555858d7d0) at anal_tp.c:401
401                             var_retype (anal, lvar, lvar->name, type, fcn->addr);
gdb$ bt
#0  0x00007ffff79585c3 in r_core_anal_type_match (core=0x55555575e580 <r>, fcn=0x55555858d7d0) at anal_tp.c:401
#1  0x00007ffff787c922 in type_cmd (core=0x55555575e580 <r>, input=0x555555b47d13 "a") at cmd_anal.c:684
#2  0x00007ffff7882bd1 in cmd_anal_fcn (core=0x55555575e580 <r>, input=0x555555b47d11 "fta") at cmd_anal.c:2337
#3  0x00007ffff7893aae in cmd_anal (data=0x55555575e580 <r>, input=0x555555b47d11 "fta") at cmd_anal.c:7087
#4  0x00007ffff7919bb5 in r_cmd_call (cmd=0x5555558596e0, input=0x555555b47d10 "afta") at cmd_api.c:237
#5  0x00007ffff78d3dd4 in r_core_cmd_subst_i (core=0x55555575e580 <r>, cmd=0x555555b47d10 "afta", colon=0x0, tmpseek=0x7fffffffca27) at cmd.c:2844
#6  0x00007ffff78d0da1 in r_core_cmd_subst (core=0x55555575e580 <r>, cmd=0x555555b47d10 "afta") at cmd.c:1873
#7  0x00007ffff78d622a in r_core_cmd (core=0x55555575e580 <r>, cstr=0x5555557e8000 "afta", log=0x1) at cmd.c:3539
#8  0x00007ffff7846c82 in r_core_prompt_exec (r=0x55555575e580 <r>) at core.c:2429
#9  0x000055555555b2a2 in main (argc=0x2, argv=0x7fffffffcf48, envp=0x7fffffffcf60) at radare2.c:1371
gdb$ 
```
