### ISSUE TITLE
radare2 crash when disassembly using 32bit binary only with analysis (-A)

### ISSUE THREAD

**Issue by d4em0n** [radare/radare2#10748]
### Work environment
| Questions                                            | Answers
|------------------------------------------------------|--------------------
| OS/arch/bits (mandatory)                             | Ubuntu x86_64, KDE Neon
| File format of the file you reverse (mandatory)      | ELF
| Architecture/bits of the file (mandatory)            | x86/32
| r2 -v full output, **not truncated** (mandatory)     | radare2 2.8.0-git 18907 @ linux-x86-64 git.2.7.0-47-g87741bd commit: 87741bd3b9c228e74d67de7781081822c101cd51 build: 2018-07-16__22:04:47

### Actual behavior
Radare2 segmentation fault using 32 bit binary only if with analysis (`-A`)

### Steps to reproduce the behavior 
```
n0psledbyte@n0psledbyte /tmp
  % cat t.c                                                                                                                                                         !1482
#include <stdio.h>

int main(int argc, char const* argv[])
{
    printf("Hello world\n");
    return 0;
}

n0psledbyte@n0psledbyte /tmp
  % gcc -m32 -o t32 t.c                                                                                                                                             !1483

n0psledbyte@n0psledbyte /tmp
  % r2 -A ./t32                                                                                                                                                     !1484
r_config_set: variable 'asm.cmtright' not found
[x] Analyze all flags starting with sym. and entry0 (aa)
[x] Analyze function calls (aac)
[x] Analyze len bytes of instructions for references (aar)
[x] Constructing a function name for fcn.* and sym.func.* functions (aan)
[x] Type matching analysis for all functions (afta)
[x] Use -AA or aaaa to perform additional experimental analysis.
 -- Disassemble?! No Disassemble Johnny No. 5!!!
[0x08048310]> pd
[1]    22420 segmentation fault  r2 -A ./t32
```
### Additional Logs, screenshots, source-code,  configuration dump, ...
Logs from gdb.
```
Program received signal SIGSEGV, Segmentation fault.
0x00007ffff7b3dd45 in ds_show_xrefs (ds=0x555555a848f0) at disasm.c:1234
1234                                    if (*addrptr) {
[ Legend: Modified register | Code | Heap | Stack | String ]
─────────────────────────────────────────────────────────────────────────────────────────────────────────────────────────────────────────────────────────[ registers ]────
$rax   : 0x0000000000000000
$rbx   : 0x00007ffff757a340  →  0x00007ffff7579f20  →  0x0000000000000000
$rcx   : 0x0000000000000d99
$rdx   : 0x0000555555a938b0  →  0x8294e26d33335b1b
$rsp   : 0x00007fffffffc340  →  0x00007ffff7ba76ae  →  0x00706d69006e6366 ("fcn"?)
$rbp   : 0x00007fffffffc400  →  0x00007fffffffc830  →  0x00007fffffffd2f0  →  0x00007fffffffd350  →  0x00007fffffffd680  →  0x00007fffffffd6f0  →  0x00007fffffffd770  →  0x00007fffffffd7a0
$rsi   : 0x0000000000000002
$rdi   : 0x0000555555a94674  →  0x0000000000000000
$rip   : 0x00007ffff7b3dd45  →  <ds_show_xrefs+2023> mov rax, QWORD PTR [rax]
$r8    : 0x0000000000000000
$r9    : 0x000000000000002b
$r10   : 0x0000000000000013
$r11   : 0x0000555555b8df30  →  "sym.__libc_csu_init"
$r12   : 0x0000555555557300  →  <_start+0> xor ebp, ebp
$r13   : 0x00007fffffffdb90  →  0x0000000000000003
$r14   : 0x0000000000000000
$r15   : 0x0000000000000000
$eflags: [carry parity adjust zero sign trap INTERRUPT direction overflow RESUME virtualx86 identification]
$fs: 0x0000  $cs: 0x0033  $gs: 0x0000  $ss: 0x002b  $es: 0x0000  $ds: 0x0000
─────────────────────────────────────────────────────────────────────────────────────────────────────────────────────────────────────────────────────────────[ stack ]────
0x00007fffffffc340│+0x00: 0x00007ffff7ba76ae  →  0x00706d69006e6366 ("fcn"?)     ← $rsp
0x00007fffffffc348│+0x08: 0x0000555555a848f0  →  0x000055555575e580  →  0x000055555582c510  →  0x00005555558e3870  →  0x0000003233742f2e ("./t32"?)
0x00007fffffffc350│+0x10: 0x0100000000000000
0x00007fffffffc358│+0x18: 0x0000555500000000
0x00007fffffffc360│+0x20: 0x00005555559d1220  →  0x0000555555b94340  →  0x0000000000000043 ("C"?)
0x00007fffffffc368│+0x28: 0x0000555555b8e0e0  →  0x0000000000000000
0x00007fffffffc370│+0x30: 0x0000555555b8df30  →  "sym.__libc_csu_init"
0x00007fffffffc378│+0x38: 0x000055555575e580  →  0x000055555582c510  →  0x00005555558e3870  →  0x0000003233742f2e ("./t32"?)
──────────────────────────────────────────────────────────────────────────────────────────────────────────────────────────────────────────────────[ code:i386:x86-64 ]────
   0x7ffff7b3dd39 <ds_show_xrefs+2011> dec    DWORD PTR [rax-0x75]
   0x7ffff7b3dd3c <ds_show_xrefs+2014> add    BYTE PTR [rax-0x77], cl
   0x7ffff7b3dd3f <ds_show_xrefs+2017> rex.RB call 0x7fffdff9688d
 → 0x7ffff7b3dd45 <ds_show_xrefs+2023> mov    rax, QWORD PTR [rax]
   0x7ffff7b3dd48 <ds_show_xrefs+2026> test   rax, rax
   0x7ffff7b3dd4b <ds_show_xrefs+2029> je     0x7ffff7b3dd17 <ds_show_xrefs+1977>
   0x7ffff7b3dd4d <ds_show_xrefs+2031> jmp    0x7ffff7b3dcc6 <ds_show_xrefs+1896>
   0x7ffff7b3dd52 <ds_show_xrefs+2036> mov    rax, QWORD PTR [rbp-0xb8]
   0x7ffff7b3dd59 <ds_show_xrefs+2043> movzx  eax, BYTE PTR [rax+0x80b]
──────────────────────────────────────────────────────────────────────────────────────────────────────────────────────────────────────────────[ source:disasm.c+1234 ]────
   1229                         char* plus = fun ? "" : "+";
   1230                         ds_comment (ds, false, "%s; %s XREF%s from %s (",
   1231                                 COLOR (ds, pal_comment), r_anal_xrefs_type_tostring (refi->type), plural, name);
   1232                         ut64 *addrptr;
   1233                         r_list_foreach (addrs, it, addrptr) {
                // addrptr=0x00007fffffffc3e8  →  0x0000000000000000
 → 1234                                 if (*addrptr) {
   1235                                         ds_comment (ds, false, "%s%s0x%"PFMT64x, it == addrs->head ? "" : ", ", plus, *addrptr);
   1236                                 }
   1237                         }
   1238                         ds_comment (ds, false, ")%s", COLOR_RESET (ds));
   1239                         ds_newline (ds);
───────────────────────────────────────────────────────────────────────────────────────────────────────────────────────────────────────────────────────────[ threads ]────
[#0] Id 1, Name: "r2", stopped, reason: SIGSEGV
─────────────────────────────────────────────────────────────────────────────────────────────────────────────────────────────────────────────────────────────[ trace ]────
[#0] 0x7ffff7b3dd45 → Name: ds_show_xrefs(ds=0x555555a848f0)
[#1] 0x7ffff7b4b155 → Name: r_core_print_disasm(p=0x5555557c5280, core=0x55555575e580 <r>, addr=0x8048310, buf=0x555555b945d0 "1\355^\211\341\203\344\360PTRh\240\204\004\bh@\204\004\bQVh\v\204\004\b\350\277\377\377\377\364f\220f\220f\220f\220f\220f\220f\220\213\034$\303f\220f\220f\220f\220f\220f\220\270\037\240\004\b-\034\240\004\b\203\370\006v\032\270", len=0x400, l=0x40, invbreak=0x0, cbytes=0x0, json=0x0, pdf=0x0)
[#2] 0x7ffff7aae921 → Name: cmd_print(data=0x55555575e580 <r>, input=0x555555b8b0d1 "d")
[#3] 0x7ffff7b17ca3 → Name: r_cmd_call(cmd=0x555555857170, input=0x555555b8b0d0 "pd")
[#4] 0x7ffff7ace503 → Name: r_core_cmd_subst_i(core=0x55555575e580 <r>, cmd=0x555555b8b0d0 "pd", colon=0x0, tmpseek=0x7fffffffd6a6)
[#5] 0x7ffff7acb07a → Name: r_core_cmd_subst(core=0x55555575e580 <r>, cmd=0x555555b8b0d0 "pd")
[#6] 0x7ffff7ad0c6a → Name: r_core_cmd(core=0x55555575e580 <r>, cstr=0x555555b8f5b0 "pd", log=0x1)
[#7] 0x7ffff7a3a160 → Name: r_core_prompt_exec(r=0x55555575e580 <r>)
[#8] 0x55555555b687 → Name: main(argc=0x3, argv=0x7fffffffdb98, envp=0x7fffffffdbb8)

```

I don't know it's works before my PR merged #10746. After my PR merged, i run `sudo sys/install.sh` from radare2 master branch, and radare2 crash if i disassembly 32bit binary only if using analysis (`-A`).

And if i checkout to the last commit before my PR merged, radare2 still crash. Is my PR made this problem?

[hello_world.zip](https://github.com/radare/radare2/files/2198226/hello_world.zip)

**Comment by Maijin** [comment]
Can you drop the binary in r2r using the upload button https://github.com/radare/radare2-regressions/tree/master/bins/fuzzed and paste the link to the PR here?

**Comment by Maijin** [comment]
Also, did you try using r2 -N then aaa ?

Looks like you have some weird configuration file "r_config_set: variable 'asm.cmtright' not found" probably what causes this issue.

**Comment by d4em0n** [comment]
My PR #10746.
Github says upload are disabled.
`r2 -N` then `aaa` still segmentation fault. 
Seems `r_config_set: variable 'asm.cmtright' not found` not cause this issue.

**Comment by sivaramaaa** [comment]
yes , coz we don't have asm.cmtright anymore , it's changed to `asm.cmt.right`

plss change ur configuration file, i couldn't repro the crash here !

**Comment by radare** [comment]
cant reproduce any crash here (tested on 64bit host). i dont see why this addptr should be null, but i have added a guard in here 778c7722f6af1b776b3e864f191dcd235feec030
