### ISSUE TITLE
Current radare2 from github sigsegvs

### ISSUE THREAD

**Issue by xambroz** [radare/radare2#3435]
Hello,
I have tried to use the current version from the repository, but it sigsegvs in any attempt to run radare2. 

Version used is from the last commit - https://github.com/radare/radare2/commit/5a3dab0a86e1452c0bb0c13d869f95b41f50b9a9

Platform: Fedora 21, 64bit

To demonstrate I have used "radare2  malloc://32" but it happens the same way with real files as well win32, lin32,lin64 all the same.

```
$ gdb radare2 
Reading symbols from radare2...Reading symbols from /usr/lib/debug/usr/bin/radare2.debug...done.
done.
gdb$ run malloc://32
Starting program: /usr/bin/radare2 malloc://32
Missing separate debuginfos, use: debuginfo-install glibc-2.20-8.fc21.x86_64
[Thread debugging using libthread_db enabled]
Using host libthread_db library "/lib64/libthread_db.so.1".

Program received signal SIGSEGV, Segmentation fault.
-----------------------------------------------------------------------------------------------------------------------[regs]
  RAX: 0x0000000000000071  RBX: 0x0000000000000000  RBP: 0x00007FFFFFFFD350  RSP: 0x00007FFFFFFFD350  o d I t s z a P c 
  RDI: 0x0000000000000071  RSI: 0x00000540DA8E1441  RDX: 0x00000540DA8E1441  RCX: 0x00000540DA8E1471  RIP: 0x00007FFFF49026EE
  R8 : 0x00007FFFF3A465C0  R9 : 0x0000000000000000  R10: 0x00000000000000AE  R11: 0x00007FFFF4902AB7  R12: 0x00007FFFFFFFDA98
  R13: 0x0000000000000000  R14: 0xFFFFFFFFFFFFFFFF  R15: 0x00007FFFFFFFDEB0
  CS: 0033  DS: 0000  ES: 0000  FS: 0000  GS: 0000  SS: 002B				
-----------------------------------------------------------------------------------------------------------------------[code]
=> 0x7ffff49026ee <r_hashtable64_search+33>:	mov    rcx,QWORD PTR [rax+0x8]
   0x7ffff49026f2 <r_hashtable64_search+37>:	mov    rax,QWORD PTR [rbp-0x30]
   0x7ffff49026f6 <r_hashtable64_search+41>:	mov    edx,0x0
   0x7ffff49026fb <r_hashtable64_search+46>:	div    rcx
   0x7ffff49026fe <r_hashtable64_search+49>:	mov    QWORD PTR [rbp-0x10],rdx
-----------------------------------------------------------------------------------------------------------------------------
0x00007ffff49026ee in r_hashtable64_search (ht=0x71, hash=0x540da8e1441) at ht.c:119
119	ht.c: No such file or directory.

gdb$ bt
#0  0x00007ffff49026ee in r_hashtable64_search (ht=0x71, hash=0x540da8e1441) at ht.c:119
#1  0x00007ffff4902ada in r_hashtable64_lookup (ht=0x71, hash=0x540da8e1441) at ht.c:182
#2  0x00007ffff4b40345 in r_flag_get (f=0x5555557c4370, name=0x5555555594d1 "entry0") at flags.c:190
#3  0x0000555555558273 in main (argc=<optimized out>, argv=<optimized out>, envp=<optimized out>) at radare2.c:669
```
Best regards
Michal Ambroz

**Comment by crowell** [comment]
can't repro, ubuntu 15.04, amd64.

5a3dab0a86e1452c0bb0c13d869f95b41f50b9a9

can you build static and share that?

**Comment by radare** [comment]
Use sys/install.sh after removing all the r2 pkgs of ur distro

**Comment by jvoisin** [comment]
Can't reproduce either.

**Comment by xambroz** [comment]
Hello,
>crowel: can you build static and share that?
I do not know how to build radare2 static. The sys/static.sh end-up with errors - he is the transcript:
https://rebus.fedorapeople.org/misc/radare2_sys_static.log

I have tried to follow the instructions in the script and adding the same configure options to my RPM build, but it failed as well.

>radare: Use sys/install.sh after removing all the r2 pkgs of ur distro
Removed all r2 packages and tried with sys/install.sh.
The sys/install.sh unfortunately ends with errors on Fedora (21) as well - see the transcript
https://rebus.fedorapeople.org/misc/radare2_sys_install.log

I have tried to prepare RPM build starting from the radare2.spec file in the radare2 repository by updating it to the current version and paths used - here is the updated RPM which builds on Fedora (unfortunately won't work yet for the official Fedora koji build because it still is using online download of sdb repository and it is also failing with --with-syscapstone so it also needs to online download of the capstone repository).
Here is the updated spec file:
https://rebus.fedorapeople.org/SPECS/radare2.spec

Before building I do remove all radare2 packages to be sure the build starts from the clean environment. Here is the transcript from the RPM build:
https://rebus.fedorapeople.org/misc/radare2_verbose.log

Here are the packages built:
https://rebus.fedorapeople.org/SRPMS/radare2-0.10.0-1.fc21.src.rpm
https://rebus.fedorapeople.org/RPMS/radare2-0.10.0-1.fc21.x86_64.rpm
https://rebus.fedorapeople.org/RPMS/radare2-debuginfo-0.10.0-1.fc21.x86_64.rpm
https://rebus.fedorapeople.org/RPMS/radare2-devel-0.10.0-1.fc21.x86_64.rpm

I still do not know what is the root-cause of the sigsegv.

**Comment by condret** [comment]
cannot reproduce on archlinux, is it a problem of fedora?

**Comment by radare** [comment]
It is a problem in their trashed system. the problem is that most distros nowadays but libs in very weird places and this causes r2 to use wrong of them which turns to be a pain.

We should probably enforce some kind of runtime version library checks. Whats the output of r2 -V?

**Comment by xambroz** [comment]
Right hit with the -V, thanks.

It seems that on test system I have got in /usr/lib installed some orphaned libraries from some desperate manual compilation of previous versions (0.9.9,0.9.8), which prevailed in /usr/lib even after uninstalling the radare2 rpms (having libs in /usr/lib64). As those were in /usr/lib, they took the precedence over the /usr/lib64.

After removing those and reinstalling the rpm it seems to work OK.
``` 
rm -rf /usr/share/radare2/
rm -rf /usr/lib/radare2
rm -rf /usr/radare2
```

Thank you
Michal Ambroz
