### ISSUE TITLE
ARM Thumb PC-relative offsets shown incorrectly

### ISSUE THREAD

**Issue by misson20000** [radare/radare2#8111]
Version:
```
$ r2 -v
radare2 1.7.0-git 15497 @ linux-x86-64 git.1.6.0-226-g48f1bb084
commit: 48f1bb0842b582db1bb88ac06a150ec2586ee20a build: 2017-08-02__18:46:23
```
Steps to reproduce:
```
[0x00000000]> o malloc://512 0x181516
[0x00181516]> s 0x181516
[0x00181516]> wx 3d4a
[0x00181516]> e asm.arch=arm
[0x00181516]> e asm.bits=16
[0x00181516]> pd 1
            0x00181516      3d4a           ldr r2, [0x0018160e]        ; [0x18160c:4]=0
```
Expected outcome:
```
[0x00181516]> pd 1
            0x00181516      3d4a           ldr r2, [0x0018160c]        ; [0x18160c:4]=0
```
The instruction disassembles properly, as evidenced by output from `rasm2` and the comment at the end of the line, so it looks like it just isn't shown properly.

**Comment by radare** [comment]
This looks like a bug in capstone. Can u write a test using the capstone api?

**Comment by Maijin** [comment]
http://www.capstone-engine.org/lang_python.html

**Comment by misson20000** [comment]
Python test for capstone: (probably could be improved, but I really don't do python)
```
from capstone import *

CODE = b"\x3d\x4a"
BASE = 0x181516

md = Cs(CS_ARCH_ARM, CS_MODE_THUMB)
for i in md.disasm(CODE, BASE):
    print("0x%x:\t%s\t%s" %(i.address, i.mnemonic, i.op_str))

pc = ((BASE + 4) >> 1) << 1 # see http://infocenter.arm.com/help/index.jsp?topic=/com.arm.doc.dui0473e/Cacdbfji.html                                                                                           
print("pc (0x%x) + 0xf4 = 0x%x" % (pc, pc + 0xf4))
```
Example output:
```
0x181516:	ldr	r2, [pc, #0xf4]
pc (0x18151a) + 0xf4 = 0x18160e
```
Interpreting the output from Capstone using the ARM docs, it would seem to be an error in Capstone. However, I might note that every other disassembler I can find produces the same results.
```
$ rasm2 -a arm.gnu -b 16 -d 3d4a -o 0x181516
ldr r2, [pc, 244] ; (0x0018160c)
```
244 = 0xf4
```
$ rasm2 -a arm.winedbg -b 16 -d 3d4a -o 0x181516
ldr r2, [pc, #244]
```
```
$ arm-none-eabi-objdump -D -b binary -marm -Mforce-thumb /tmp/bin.dat

/tmp/bin.dat:     file format binary


Disassembly of section .data:

00000000 <.data>:
   0:	4a3d      	ldr	r2, [pc, #244]	; (0xf8)
   2:	Address 0x0000000000000002 is out of bounds.

```
(it is weird that this one says `[pc, #244]`, then `(0xf8)` (248) later on the line)

[These docs](http://infocenter.arm.com/help/index.jsp?topic=/com.arm.doc.kui0100a/armasm_cacdbfji.htm) describe a different process for finding the actual offset, consistent with my expected output in the original comment. This makes me think that the docs I linked in my python code are talking about instruction encoding. (There is an error in the second docs I linked, bitwise OR should be bitwise AND. I've already submitted a report for that.)

**Comment by Maijin** [comment]
If it's a capstone issue then it must be reported on capstone project - https://github.com/aquynh/capstone/issues/new

**Comment by misson20000** [comment]
I think capstone is behaving properly, the same way every other disassembler behaves.

**Comment by radare** [comment]
Esil is suposed to work, try with real hw and see which value gets loaded

**Comment by Maijin** [comment]
HuH? This is not ESIL related ?

**Comment by misson20000** [comment]
Will see what gets loaded when I get home, give me 7 hours or so

**Comment by misson20000** [comment]
(that being said, in the code I was disassembling, r2 was being loaded with a pointer. [0x18160c] looked like a valid pointer, and [0x0018160e] did not)

**Comment by misson20000** [comment]
```
(gdb) disassemble
Dump of assembler code for function thumb_function:
   0x00181510 <+0>:	ldr	r2, [pc, #244]	; (0x181608 <main+232>)
   0x00181512 <+2>:	ldr	r2, [pc, #244]	; (0x181608 <main+232>)
   0x00181514 <+4>:	ldr	r2, [pc, #244]	; (0x18160c <main+236>)
=> 0x00181516 <+6>:	ldr	r2, [pc, #244]	; (0x18160c <main+236>)
   0x00181518 <+8>:	ldr	r2, [pc, #244]	; (0x181610 <main+240>)
   0x0018151a <+10>:	bx	lr
   0x0018151c <+12>:	nop			; (mov r0, r0)
End of assembler dump.
(gdb) set {int}0x181608 = 5
(gdb) set {int}0x18160c = 7
(gdb) set {int}0x181610 = 8
(gdb) si
(gdb) info registers
r0             0x0	0
r1             0x0	0
r2             0x7	7
r3             0x0	0
--snip--
pc             0x181518	0x181518 <thumb_function+8>
cpsr           0x30	48
(gdb) 
```

Executable file: <https://xenotoad.net/arm_thumb_load_pc_relative_test.elf>
Assembly: <https://xenotoad.net/arm_thumb_load_pc_relative_test.s>
Linker script: <https://xenotoad.net/arm_thumb_load_pc_relative_test.ld>

To assemble and link:
```
$ arm-linux-gnueabihf-as test.s -o test.o
$ arm-linux-gnueabihf-ld -o test -T test.ld test.o
```

If you run it in gdb, you'll want to set a breakpoint at 0x181516
```
(gdb) break *0x181516
```

**Comment by radare** [comment]
so what i see here is that esil does right and capstone not

**Comment by XVilka** [comment]
@misson20000 please create a capstone issue for that.

**Comment by Maijin** [comment]
This is too old.

**Comment by radare** [comment]
wat

**Comment by Maijin** [comment]
I see 0 updates from @misson20000 since @radare comment

**Comment by radare** [comment]
no updates doesnt mean fixed. @mrmacete will have a look later today probably

**Comment by radare** [comment]
this is a bug in capstone, not r2

**Comment by radare** [comment]
filled an issue here https://github.com/aquynh/capstone/issues/1026

**Comment by Maijin** [comment]
Yes that's why I said, capstone issue not in r2.

**Comment by mrmacete** [comment]
fixed in https://github.com/radare/radare2/commit/9ac77fde8fb91f87bb944a76c7b675f17b3e11b5 by calculating correct pc-relative offset in relsub by detecting thumb/thumb2 case

**Comment by radare** [comment]
So it was not an issue in capstone?

**Comment by mrmacete** [comment]
nope, i mean, it could be an enhancement to do in capstone what we do in relsub, maybe with a flag. but the numbers are correct, it's just a matter of get the value of "pc" right for thumb modes

**Comment by misson20000** [comment]
Hmm, so it is. Fixing that, the script toutputs the correct value of
```
pc (0x181518) + 0xf4 = 0x18160c
```
